[debug] [2022-03-14T10:24:32.571Z] ----------------------------------------------------------------------
[debug] [2022-03-14T10:24:32.574Z] Command:       /usr/local/bin/node /usr/local/bin/firebase emulators:start
[debug] [2022-03-14T10:24:32.574Z] CLI Version:   10.2.2
[debug] [2022-03-14T10:24:32.574Z] Platform:      linux
[debug] [2022-03-14T10:24:32.575Z] Node Version:  v16.13.0
[debug] [2022-03-14T10:24:33.160Z] Time:          Mon Mar 14 2022 16:24:32 GMT+0600 (Bangladesh Standard Time)
[debug] [2022-03-14T10:24:33.160Z] ----------------------------------------------------------------------
[debug] 
[debug] [2022-03-14T10:24:33.250Z] >>> [apiv2][query] GET https://firebase-public.firebaseio.com/cli.json [none]
[debug] [2022-03-14T10:24:33.883Z] > command requires scopes: ["email","openid","https://www.googleapis.com/auth/cloudplatformprojects.readonly","https://www.googleapis.com/auth/firebase","https://www.googleapis.com/auth/cloud-platform"]
[debug] [2022-03-14T10:24:33.883Z] > authorizing via signed-in user (nowshad.hossain.rahat@gmail.com)
[info] i  emulators: Starting emulators: functions, hosting {"metadata":{"emulator":{"name":"hub"},"message":"Starting emulators: functions, hosting"}}
[debug] [2022-03-14T10:24:33.900Z] [hub] writing locator at /tmp/hub-clone-6539e.json
[warn] ⚠  functions: The following emulators are not running, calls to these services from the Functions emulator will affect production: auth, firestore, database, pubsub, storage {"metadata":{"emulator":{"name":"functions"},"message":"The following emulators are not running, calls to these services from the Functions emulator will affect production: \u001b[1mauth, firestore, database, pubsub, storage\u001b[22m"}}
[info] ✔  functions: Using node@16 from host. {"metadata":{"emulator":{"name":"functions"},"message":"Using node@16 from host."}}
[debug] [2022-03-14T10:24:33.977Z] defaultcredentials: writing to file /home/nowshad/.config/firebase/nowshad_hossain.rahat_gmail.com_application_default_credentials.json
[debug] [2022-03-14T10:24:34.072Z] Setting GAC to /home/nowshad/.config/firebase/nowshad_hossain.rahat_gmail.com_application_default_credentials.json {"metadata":{"emulator":{"name":"functions"},"message":"Setting GAC to /home/nowshad/.config/firebase/nowshad_hossain.rahat_gmail.com_application_default_credentials.json"}}
[debug] [2022-03-14T10:24:34.074Z] > refreshing access token with scopes: []
[debug] [2022-03-14T10:24:34.075Z] >>> HTTP REQUEST POST https://www.googleapis.com/oauth2/v3/token  
 <request body omitted>
[debug] [2022-03-14T10:24:34.368Z] <<< HTTP RESPONSE 200 {"pragma":"no-cache","cache-control":"no-cache, no-store, max-age=0, must-revalidate","expires":"Mon, 01 Jan 1990 00:00:00 GMT","date":"Mon, 14 Mar 2022 10:24:34 GMT","content-type":"application/json; charset=utf-8","vary":"X-Origin, Referer, Origin,Accept-Encoding","server":"scaffolding on HTTPServer2","x-xss-protection":"0","x-frame-options":"SAMEORIGIN","x-content-type-options":"nosniff","alt-svc":"h3=\":443\"; ma=2592000,h3-29=\":443\"; ma=2592000,h3-Q050=\":443\"; ma=2592000,h3-Q046=\":443\"; ma=2592000,h3-Q043=\":443\"; ma=2592000,quic=\":443\"; ma=2592000; v=\"46,43\"","accept-ranges":"none","transfer-encoding":"chunked"}
[debug] [2022-03-14T10:24:34.949Z] >>> [apiv2][query] GET https://firebase.googleapis.com/v1beta1/projects/clone-6539e/adminSdkConfig [none]
[debug] [2022-03-14T10:24:35.592Z] <<< [apiv2][status] GET https://firebase.googleapis.com/v1beta1/projects/clone-6539e/adminSdkConfig 200
[debug] [2022-03-14T10:24:35.593Z] <<< [apiv2][body] GET https://firebase.googleapis.com/v1beta1/projects/clone-6539e/adminSdkConfig {"projectId":"clone-6539e","storageBucket":"clone-6539e.appspot.com","locationId":"asia-south1"}
[debug] [2022-03-14T10:24:35.917Z] >>> [apiv2][query] GET https://firebasehosting.googleapis.com/v1beta1/projects/clone-6539e/sites 
[debug] [2022-03-14T10:24:41.429Z] <<< [apiv2][status] GET https://firebase-public.firebaseio.com/cli.json 200
[debug] [2022-03-14T10:24:41.429Z] <<< [apiv2][body] GET https://firebase-public.firebaseio.com/cli.json {"cloudBuildErrorAfter":1594252800000,"cloudBuildWarnAfter":1590019200000,"defaultNode10After":1594252800000,"minVersion":"3.0.5","node8DeploysDisabledAfter":1613390400000,"node8RuntimeDisabledAfter":1615809600000,"node8WarnAfter":1600128000000}
[debug] [2022-03-14T10:24:42.769Z] <<< [apiv2][status] GET https://firebasehosting.googleapis.com/v1beta1/projects/clone-6539e/sites 200
[debug] [2022-03-14T10:24:42.770Z] <<< [apiv2][body] GET https://firebasehosting.googleapis.com/v1beta1/projects/clone-6539e/sites {"sites":[{"name":"projects/328002027171/sites/clone-6539e","defaultUrl":"https://clone-6539e.web.app","appId":"1:328002027171:web:2566beb044402d3a92c916","type":"DEFAULT_SITE"}]}
[debug] [2022-03-14T10:24:42.770Z] >>> [apiv2][query] GET https://firebase.googleapis.com/v1beta1/projects/clone-6539e/webApps/1:328002027171:web:2566beb044402d3a92c916/config [none]
[debug] [2022-03-14T10:24:44.361Z] <<< [apiv2][status] GET https://firebase.googleapis.com/v1beta1/projects/clone-6539e/webApps/1:328002027171:web:2566beb044402d3a92c916/config 200
[debug] [2022-03-14T10:24:44.361Z] <<< [apiv2][body] GET https://firebase.googleapis.com/v1beta1/projects/clone-6539e/webApps/1:328002027171:web:2566beb044402d3a92c916/config {"projectId":"clone-6539e","appId":"1:328002027171:web:2566beb044402d3a92c916","storageBucket":"clone-6539e.appspot.com","locationId":"asia-south1","apiKey":"AIzaSyDajmF20HCJco40MwvZFMu2gW5zbV5eM0Y","authDomain":"clone-6539e.firebaseapp.com","messagingSenderId":"328002027171"}
[info] i  hosting: Serving hosting files from: build {"metadata":{"emulator":{"name":"hosting"},"message":"Serving hosting files from: \u001b[1mbuild\u001b[22m"}}
[info] ✔  hosting: Local server: http://localhost:5000 {"metadata":{"emulator":{"name":"hosting"},"message":"Local server: \u001b[4m\u001b[1mhttp://localhost:5000\u001b[22m\u001b[24m"}}
[debug] [2022-03-14T10:24:45.630Z] Ignoring unsupported arg: auto_download {"metadata":{"emulator":{"name":"ui"},"message":"Ignoring unsupported arg: auto_download"}}
[debug] [2022-03-14T10:24:45.630Z] Ignoring unsupported arg: port {"metadata":{"emulator":{"name":"ui"},"message":"Ignoring unsupported arg: port"}}
[debug] [2022-03-14T10:24:45.631Z] Starting Emulator UI with command {"binary":"node","args":["/home/nowshad/.cache/firebase/emulators/ui-v1.6.5/server.bundle.js"],"optionalArgs":[],"joinArgs":false} {"metadata":{"emulator":{"name":"ui"},"message":"Starting Emulator UI with command {\"binary\":\"node\",\"args\":[\"/home/nowshad/.cache/firebase/emulators/ui-v1.6.5/server.bundle.js\"],\"optionalArgs\":[],\"joinArgs\":false}"}}
[info] i  ui: Emulator UI logging to ui-debug.log {"metadata":{"emulator":{"name":"ui"},"message":"Emulator UI logging to \u001b[1mui-debug.log\u001b[22m"}}
[debug] [2022-03-14T10:24:45.812Z] Web / API server started at localhost:4000
 {"metadata":{"emulator":{"name":"ui"},"message":"Web / API server started at localhost:4000\n"}}
[info] i  functions: Watching "/home/nowshad/www/node-apps/amazon-clone/functions" for Cloud Functions... {"metadata":{"emulator":{"name":"functions"},"message":"Watching \"/home/nowshad/www/node-apps/amazon-clone/functions\" for Cloud Functions..."}}
[debug] [2022-03-14T10:24:45.901Z] Validating nodejs source
[debug] [2022-03-14T10:24:54.951Z] > [functions] package.json contents: {
  "name": "functions",
  "description": "Cloud Functions for Firebase",
  "scripts": {
    "lint": "eslint .",
    "serve": "firebase emulators:start --only functions",
    "shell": "firebase functions:shell",
    "start": "npm run shell",
    "deploy": "firebase deploy --only functions",
    "logs": "firebase functions:log"
  },
  "engines": {
    "node": "16"
  },
  "main": "index.js",
  "dependencies": {
    "cors": "^2.8.5",
    "express": "^4.17.3",
    "express-session": "^1.17.2",
    "firebase-admin": "^10.0.2",
    "firebase-functions": "^3.18.0",
    "md5": "^2.3.0",
    "stripe": "^8.209.0"
  },
  "devDependencies": {
    "eslint": "^8.9.0",
    "eslint-config-google": "^0.14.0",
    "firebase-functions-test": "^0.2.0"
  },
  "private": true
}
[debug] [2022-03-14T10:24:54.952Z] Building nodejs source
[debug] [2022-03-14T10:24:54.952Z] Analyzing nodejs backend spec
[info] ✔  functions[us-central1-api]: http function initialized (http://localhost:5001/clone-6539e/us-central1/api). {"metadata":{"emulator":{"name":"functions"},"message":"\u001b[1mhttp\u001b[22m function initialized (http://localhost:5001/clone-6539e/us-central1/api)."}}
[info] 
┌─────────────────────────────────────────────────────────────┐
│ ✔  All emulators ready! It is now safe to connect your app. │
│ i  View Emulator UI at http://localhost:4000                │
└─────────────────────────────────────────────────────────────┘

┌───────────┬────────────────┬─────────────────────────────────┐
│ Emulator  │ Host:Port      │ View in Emulator UI             │
├───────────┼────────────────┼─────────────────────────────────┤
│ Functions │ localhost:5001 │ http://localhost:4000/functions │
├───────────┼────────────────┼─────────────────────────────────┤
│ Hosting   │ localhost:5000 │ n/a                             │
└───────────┴────────────────┴─────────────────────────────────┘
  Emulator Hub running at localhost:4400
  Other reserved ports: 4500

Issues? Report them at https://github.com/firebase/firebase-tools/issues and attach the *-debug.log files.
 
[debug] [2022-03-14T10:28:11.049Z] [work-queue] {"queueLength":1,"workRunningCount":0}
[debug] [2022-03-14T10:28:11.049Z] [work-queue] {"queueLength":0,"workRunningCount":1}
[debug] [2022-03-14T10:28:11.050Z] Accepted request POST /clone-6539e/us-central1/api/payments/create?total=30746.000000000004 --> us-central1-api
[debug] [2022-03-14T10:28:11.062Z] [worker-pool] addWorker(us-central1-api) {"metadata":{"emulator":{"name":"functions"},"message":"[worker-pool] addWorker(us-central1-api)"}}
[debug] [2022-03-14T10:28:11.063Z] [worker-pool] Adding worker with key us-central1-api, total=1 {"metadata":{"emulator":{"name":"functions"},"message":"[worker-pool] Adding worker with key us-central1-api, total=1"}}
[debug] [2022-03-14T10:28:11.063Z] [worker-pool] submitWork(triggerId=us-central1-api) {"metadata":{"emulator":{"name":"functions"},"message":"[worker-pool] submitWork(triggerId=us-central1-api)"}}
[debug] [2022-03-14T10:28:11.063Z] [worker-us-central1-api-20d48565-6b2a-4c2b-a2a1-98a54026e523]: Assigning socketPath: /tmp/fire_emu_6337.sock {"metadata":{"emulator":{"name":"functions"},"message":"[worker-us-central1-api-20d48565-6b2a-4c2b-a2a1-98a54026e523]: Assigning socketPath: /tmp/fire_emu_6337.sock"}}
[debug] [2022-03-14T10:28:11.064Z] [worker-us-central1-api-20d48565-6b2a-4c2b-a2a1-98a54026e523]: BUSY {"metadata":{"emulator":{"name":"functions"},"message":"[worker-us-central1-api-20d48565-6b2a-4c2b-a2a1-98a54026e523]: BUSY"}}
[debug] [2022-03-14T10:28:12.146Z] [runtime-status] [6337] Functions runtime initialized. {"cwd":"/home/nowshad/www/node-apps/amazon-clone/functions","node_version":"16.13.0"} {"metadata":{"emulator":{"name":"functions"},"function":{"name":"us-central1-api"},"extension":{},"message":"[runtime-status] [6337] Functions runtime initialized. {\"cwd\":\"/home/nowshad/www/node-apps/amazon-clone/functions\",\"node_version\":\"16.13.0\"}"}}
[debug] [2022-03-14T10:28:12.148Z] [runtime-status] [6337] Disabled runtime features: undefined {"metadata":{"emulator":{"name":"functions"},"function":{"name":"us-central1-api"},"extension":{},"message":"[runtime-status] [6337] Disabled runtime features: undefined"}}
[debug] [2022-03-14T10:28:12.151Z] [runtime-status] [6337] Resolved module firebase-admin {"declared":true,"installed":true,"version":"10.0.2","resolution":"/home/nowshad/www/node-apps/amazon-clone/functions/node_modules/firebase-admin/lib/index.js"} {"metadata":{"emulator":{"name":"functions"},"function":{"name":"us-central1-api"},"extension":{},"message":"[runtime-status] [6337] Resolved module firebase-admin {\"declared\":true,\"installed\":true,\"version\":\"10.0.2\",\"resolution\":\"/home/nowshad/www/node-apps/amazon-clone/functions/node_modules/firebase-admin/lib/index.js\"}"}}
[debug] [2022-03-14T10:28:12.153Z] [runtime-status] [6337] Resolved module firebase-functions {"declared":true,"installed":true,"version":"3.18.1","resolution":"/home/nowshad/www/node-apps/amazon-clone/functions/node_modules/firebase-functions/lib/index.js"} {"metadata":{"emulator":{"name":"functions"},"function":{"name":"us-central1-api"},"extension":{},"message":"[runtime-status] [6337] Resolved module firebase-functions {\"declared\":true,\"installed\":true,\"version\":\"3.18.1\",\"resolution\":\"/home/nowshad/www/node-apps/amazon-clone/functions/node_modules/firebase-functions/lib/index.js\"}"}}
[debug] [2022-03-14T10:28:12.154Z] [runtime-status] [6337] Outgoing network have been stubbed. [{"name":"http","status":"mocked"},{"name":"http","status":"mocked"},{"name":"https","status":"mocked"},{"name":"https","status":"mocked"},{"name":"net","status":"mocked"}] {"metadata":{"emulator":{"name":"functions"},"function":{"name":"us-central1-api"},"extension":{},"message":"[runtime-status] [6337] Outgoing network have been stubbed. [{\"name\":\"http\",\"status\":\"mocked\"},{\"name\":\"http\",\"status\":\"mocked\"},{\"name\":\"https\",\"status\":\"mocked\"},{\"name\":\"https\",\"status\":\"mocked\"},{\"name\":\"net\",\"status\":\"mocked\"}]"}}
[debug] [2022-03-14T10:28:12.155Z] [runtime-status] [6337] Resolved module firebase-functions {"declared":true,"installed":true,"version":"3.18.1","resolution":"/home/nowshad/www/node-apps/amazon-clone/functions/node_modules/firebase-functions/lib/index.js"} {"metadata":{"emulator":{"name":"functions"},"function":{"name":"us-central1-api"},"extension":{},"message":"[runtime-status] [6337] Resolved module firebase-functions {\"declared\":true,\"installed\":true,\"version\":\"3.18.1\",\"resolution\":\"/home/nowshad/www/node-apps/amazon-clone/functions/node_modules/firebase-functions/lib/index.js\"}"}}
[debug] [2022-03-14T10:28:12.200Z] [runtime-status] [6337] Checked functions.config() {"config":{}} {"metadata":{"emulator":{"name":"functions"},"function":{"name":"us-central1-api"},"extension":{},"message":"[runtime-status] [6337] Checked functions.config() {\"config\":{}}"}}
[debug] [2022-03-14T10:28:12.200Z] [runtime-status] [6337] firebase-functions has been stubbed. {"functionsResolution":{"declared":true,"installed":true,"version":"3.18.1","resolution":"/home/nowshad/www/node-apps/amazon-clone/functions/node_modules/firebase-functions/lib/index.js"}} {"metadata":{"emulator":{"name":"functions"},"function":{"name":"us-central1-api"},"extension":{},"message":"[runtime-status] [6337] firebase-functions has been stubbed. {\"functionsResolution\":{\"declared\":true,\"installed\":true,\"version\":\"3.18.1\",\"resolution\":\"/home/nowshad/www/node-apps/amazon-clone/functions/node_modules/firebase-functions/lib/index.js\"}}"}}
[debug] [2022-03-14T10:28:12.202Z] [runtime-status] [6337] Resolved module firebase-functions {"declared":true,"installed":true,"version":"3.18.1","resolution":"/home/nowshad/www/node-apps/amazon-clone/functions/node_modules/firebase-functions/lib/index.js"} {"metadata":{"emulator":{"name":"functions"},"function":{"name":"us-central1-api"},"extension":{},"message":"[runtime-status] [6337] Resolved module firebase-functions {\"declared\":true,\"installed\":true,\"version\":\"3.18.1\",\"resolution\":\"/home/nowshad/www/node-apps/amazon-clone/functions/node_modules/firebase-functions/lib/index.js\"}"}}
[debug] [2022-03-14T10:28:12.204Z] [runtime-status] [6337] Resolved module firebase-admin {"declared":true,"installed":true,"version":"10.0.2","resolution":"/home/nowshad/www/node-apps/amazon-clone/functions/node_modules/firebase-admin/lib/index.js"} {"metadata":{"emulator":{"name":"functions"},"function":{"name":"us-central1-api"},"extension":{},"message":"[runtime-status] [6337] Resolved module firebase-admin {\"declared\":true,\"installed\":true,\"version\":\"10.0.2\",\"resolution\":\"/home/nowshad/www/node-apps/amazon-clone/functions/node_modules/firebase-admin/lib/index.js\"}"}}
[debug] [2022-03-14T10:28:12.205Z] [runtime-status] [6337] Resolved module firebase-functions {"declared":true,"installed":true,"version":"3.18.1","resolution":"/home/nowshad/www/node-apps/amazon-clone/functions/node_modules/firebase-functions/lib/index.js"} {"metadata":{"emulator":{"name":"functions"},"function":{"name":"us-central1-api"},"extension":{},"message":"[runtime-status] [6337] Resolved module firebase-functions {\"declared\":true,\"installed\":true,\"version\":\"3.18.1\",\"resolution\":\"/home/nowshad/www/node-apps/amazon-clone/functions/node_modules/firebase-functions/lib/index.js\"}"}}
[debug] [2022-03-14T10:28:12.205Z] [runtime-status] [6337] firebase-admin has been stubbed. {"adminResolution":{"declared":true,"installed":true,"version":"10.0.2","resolution":"/home/nowshad/www/node-apps/amazon-clone/functions/node_modules/firebase-admin/lib/index.js"}} {"metadata":{"emulator":{"name":"functions"},"function":{"name":"us-central1-api"},"extension":{},"message":"[runtime-status] [6337] firebase-admin has been stubbed. {\"adminResolution\":{\"declared\":true,\"installed\":true,\"version\":\"10.0.2\",\"resolution\":\"/home/nowshad/www/node-apps/amazon-clone/functions/node_modules/firebase-admin/lib/index.js\"}}"}}
[debug] [2022-03-14T10:28:12.332Z] [runtime-status] [6337] Beginning invocation function api! {"metadata":{"emulator":{"name":"functions"},"function":{"name":"us-central1-api"},"extension":{},"message":"[runtime-status] [6337] Beginning invocation function api!"}}
[info] i  functions: Beginning execution of "api" {"metadata":{"emulator":{"name":"functions"},"function":{"name":"us-central1-api"},"extension":{},"message":"Beginning execution of \"api\""}}
[debug] [2022-03-14T10:28:12.333Z] [runtime-status] [6337] Running api in signature http {"metadata":{"emulator":{"name":"functions"},"function":{"name":"us-central1-api"},"extension":{},"message":"[runtime-status] [6337] Running api in signature http"}}
[debug] [2022-03-14T10:28:12.338Z] [runtime-status] [6337] Attempting to listen to socketPath: /tmp/fire_emu_6337.sock {"metadata":{"emulator":{"name":"functions"},"function":{"name":"us-central1-api"},"extension":{},"message":"[runtime-status] [6337] Attempting to listen to socketPath: /tmp/fire_emu_6337.sock"}}
[debug] [2022-03-14T10:28:12.341Z] [functions] Runtime ready! Sending request! {"metadata":{"emulator":{"name":"functions"},"message":"[functions] Runtime ready! Sending request!"}}
[debug] [2022-03-14T10:28:12.342Z] [functions] Got req.url=/clone-6539e/us-central1/api/payments/create?total=30746.000000000004, mapping to path=/payments/create?total=30746.000000000004 {"metadata":{"emulator":{"name":"functions"},"message":"[functions] Got req.url=/clone-6539e/us-central1/api/payments/create?total=30746.000000000004, mapping to path=/payments/create?total=30746.000000000004"}}
[debug] [2022-03-14T10:28:12.354Z] [runtime-status] [6337] Ephemeral server handling POST request {"metadata":{"emulator":{"name":"functions"},"function":{"name":"us-central1-api"},"extension":{},"message":"[runtime-status] [6337] Ephemeral server handling POST request"}}
[info] >  Got a payment request of $30746 {"user":"Got a payment request of $30746","metadata":{"emulator":{"name":"functions"},"function":{"name":"us-central1-api"},"extension":{},"message":"\u001b[90m> \u001b[39m Got a payment request of $30746"}}
[debug] [2022-03-14T10:28:12.367Z] [runtime-status] [6337] Ephemeral server survived. {"metadata":{"emulator":{"name":"functions"},"function":{"name":"us-central1-api"},"extension":{},"message":"[runtime-status] [6337] Ephemeral server survived."}}
[info] i  functions: Finished "api" in ~1s {"metadata":{"emulator":{"name":"functions"},"function":{"name":"us-central1-api"},"extension":{},"message":"Finished \"api\" in ~1s"}}
[debug] [2022-03-14T10:28:12.990Z] [worker-us-central1-api-20d48565-6b2a-4c2b-a2a1-98a54026e523]: IDLE {"metadata":{"emulator":{"name":"functions"},"message":"[worker-us-central1-api-20d48565-6b2a-4c2b-a2a1-98a54026e523]: IDLE"}}
[debug] [2022-03-14T10:28:12.991Z] [work-queue] {"queueLength":0,"workRunningCount":0}
[debug] [2022-03-14T10:28:25.615Z] [work-queue] {"queueLength":1,"workRunningCount":0}
[debug] [2022-03-14T10:28:25.616Z] [work-queue] {"queueLength":0,"workRunningCount":1}
[debug] [2022-03-14T10:28:25.616Z] Accepted request POST /clone-6539e/us-central1/api/payments/create?total=0 --> us-central1-api
[debug] [2022-03-14T10:28:25.616Z] [worker-pool] submitWork(triggerId=us-central1-api) {"metadata":{"emulator":{"name":"functions"},"message":"[worker-pool] submitWork(triggerId=us-central1-api)"}}
[debug] [2022-03-14T10:28:25.616Z] [worker-us-central1-api-20d48565-6b2a-4c2b-a2a1-98a54026e523]: Assigning socketPath: /tmp/fire_emu_6337.sock {"metadata":{"emulator":{"name":"functions"},"message":"[worker-us-central1-api-20d48565-6b2a-4c2b-a2a1-98a54026e523]: Assigning socketPath: /tmp/fire_emu_6337.sock"}}
[debug] [2022-03-14T10:28:25.616Z] [worker-us-central1-api-20d48565-6b2a-4c2b-a2a1-98a54026e523]: BUSY {"metadata":{"emulator":{"name":"functions"},"message":"[worker-us-central1-api-20d48565-6b2a-4c2b-a2a1-98a54026e523]: BUSY"}}
[debug] [2022-03-14T10:28:25.617Z] [runtime-status] [6337] Beginning invocation function api! {"metadata":{"emulator":{"name":"functions"},"function":{"name":"us-central1-api"},"extension":{},"message":"[runtime-status] [6337] Beginning invocation function api!"}}
[info] i  functions: Beginning execution of "api" {"metadata":{"emulator":{"name":"functions"},"function":{"name":"us-central1-api"},"extension":{},"message":"Beginning execution of \"api\""}}
[debug] [2022-03-14T10:28:25.619Z] [runtime-status] [6337] Running api in signature http {"metadata":{"emulator":{"name":"functions"},"function":{"name":"us-central1-api"},"extension":{},"message":"[runtime-status] [6337] Running api in signature http"}}
[debug] [2022-03-14T10:28:25.619Z] [runtime-status] [6337] Attempting to listen to socketPath: /tmp/fire_emu_6337.sock {"metadata":{"emulator":{"name":"functions"},"function":{"name":"us-central1-api"},"extension":{},"message":"[runtime-status] [6337] Attempting to listen to socketPath: /tmp/fire_emu_6337.sock"}}
[debug] [2022-03-14T10:28:25.620Z] [functions] Runtime ready! Sending request! {"metadata":{"emulator":{"name":"functions"},"message":"[functions] Runtime ready! Sending request!"}}
[debug] [2022-03-14T10:28:25.620Z] [functions] Got req.url=/clone-6539e/us-central1/api/payments/create?total=0, mapping to path=/payments/create?total=0 {"metadata":{"emulator":{"name":"functions"},"message":"[functions] Got req.url=/clone-6539e/us-central1/api/payments/create?total=0, mapping to path=/payments/create?total=0"}}
[debug] [2022-03-14T10:28:25.625Z] [runtime-status] [6337] Ephemeral server handling POST request {"metadata":{"emulator":{"name":"functions"},"function":{"name":"us-central1-api"},"extension":{},"message":"[runtime-status] [6337] Ephemeral server handling POST request"}}
[info] >  Got a payment request of $0 {"user":"Got a payment request of $0","metadata":{"emulator":{"name":"functions"},"function":{"name":"us-central1-api"},"extension":{},"message":"\u001b[90m> \u001b[39m Got a payment request of $0"}}
[debug] [2022-03-14T10:28:25.627Z] [runtime-status] [6337] Ephemeral server survived. {"metadata":{"emulator":{"name":"functions"},"function":{"name":"us-central1-api"},"extension":{},"message":"[runtime-status] [6337] Ephemeral server survived."}}
[info] i  functions: Finished "api" in ~1s {"metadata":{"emulator":{"name":"functions"},"function":{"name":"us-central1-api"},"extension":{},"message":"Finished \"api\" in ~1s"}}
[debug] [2022-03-14T10:28:25.628Z] [worker-us-central1-api-20d48565-6b2a-4c2b-a2a1-98a54026e523]: IDLE {"metadata":{"emulator":{"name":"functions"},"message":"[worker-us-central1-api-20d48565-6b2a-4c2b-a2a1-98a54026e523]: IDLE"}}
[debug] [2022-03-14T10:28:25.629Z] [work-queue] {"queueLength":0,"workRunningCount":0}
[debug] [2022-03-14T11:34:51.088Z] [work-queue] {"queueLength":1,"workRunningCount":0}
[debug] [2022-03-14T11:34:51.088Z] [work-queue] {"queueLength":0,"workRunningCount":1}
[debug] [2022-03-14T11:34:51.088Z] Accepted request POST /clone-6539e/us-central1/api/payments/create?total=21948 --> us-central1-api
[debug] [2022-03-14T11:34:51.089Z] [worker-pool] submitWork(triggerId=us-central1-api) {"metadata":{"emulator":{"name":"functions"},"message":"[worker-pool] submitWork(triggerId=us-central1-api)"}}
[debug] [2022-03-14T11:34:51.089Z] [worker-us-central1-api-20d48565-6b2a-4c2b-a2a1-98a54026e523]: Assigning socketPath: /tmp/fire_emu_6337.sock {"metadata":{"emulator":{"name":"functions"},"message":"[worker-us-central1-api-20d48565-6b2a-4c2b-a2a1-98a54026e523]: Assigning socketPath: /tmp/fire_emu_6337.sock"}}
[debug] [2022-03-14T11:34:51.089Z] [worker-us-central1-api-20d48565-6b2a-4c2b-a2a1-98a54026e523]: BUSY {"metadata":{"emulator":{"name":"functions"},"message":"[worker-us-central1-api-20d48565-6b2a-4c2b-a2a1-98a54026e523]: BUSY"}}
[debug] [2022-03-14T11:34:51.090Z] [runtime-status] [6337] Beginning invocation function api! {"metadata":{"emulator":{"name":"functions"},"function":{"name":"us-central1-api"},"extension":{},"message":"[runtime-status] [6337] Beginning invocation function api!"}}
[info] i  functions: Beginning execution of "api" {"metadata":{"emulator":{"name":"functions"},"function":{"name":"us-central1-api"},"extension":{},"message":"Beginning execution of \"api\""}}
[debug] [2022-03-14T11:34:51.091Z] [runtime-status] [6337] Running api in signature http {"metadata":{"emulator":{"name":"functions"},"function":{"name":"us-central1-api"},"extension":{},"message":"[runtime-status] [6337] Running api in signature http"}}
[debug] [2022-03-14T11:34:51.091Z] [runtime-status] [6337] Attempting to listen to socketPath: /tmp/fire_emu_6337.sock {"metadata":{"emulator":{"name":"functions"},"function":{"name":"us-central1-api"},"extension":{},"message":"[runtime-status] [6337] Attempting to listen to socketPath: /tmp/fire_emu_6337.sock"}}
[debug] [2022-03-14T11:34:51.092Z] [functions] Runtime ready! Sending request! {"metadata":{"emulator":{"name":"functions"},"message":"[functions] Runtime ready! Sending request!"}}
[debug] [2022-03-14T11:34:51.092Z] [functions] Got req.url=/clone-6539e/us-central1/api/payments/create?total=21948, mapping to path=/payments/create?total=21948 {"metadata":{"emulator":{"name":"functions"},"message":"[functions] Got req.url=/clone-6539e/us-central1/api/payments/create?total=21948, mapping to path=/payments/create?total=21948"}}
[debug] [2022-03-14T11:34:51.095Z] [runtime-status] [6337] Ephemeral server handling POST request {"metadata":{"emulator":{"name":"functions"},"function":{"name":"us-central1-api"},"extension":{},"message":"[runtime-status] [6337] Ephemeral server handling POST request"}}
[info] >  Got a payment request of $21948 {"user":"Got a payment request of $21948","metadata":{"emulator":{"name":"functions"},"function":{"name":"us-central1-api"},"extension":{},"message":"\u001b[90m> \u001b[39m Got a payment request of $21948"}}
[debug] [2022-03-14T11:34:51.100Z] [runtime-status] [6337] Ephemeral server survived. {"metadata":{"emulator":{"name":"functions"},"function":{"name":"us-central1-api"},"extension":{},"message":"[runtime-status] [6337] Ephemeral server survived."}}
[info] i  functions: Finished "api" in ~1s {"metadata":{"emulator":{"name":"functions"},"function":{"name":"us-central1-api"},"extension":{},"message":"Finished \"api\" in ~1s"}}
[debug] [2022-03-14T11:34:51.709Z] [worker-us-central1-api-20d48565-6b2a-4c2b-a2a1-98a54026e523]: IDLE {"metadata":{"emulator":{"name":"functions"},"message":"[worker-us-central1-api-20d48565-6b2a-4c2b-a2a1-98a54026e523]: IDLE"}}
[debug] [2022-03-14T11:34:51.709Z] [work-queue] {"queueLength":0,"workRunningCount":0}
